// 同步 ID: 1b763d02 @ Fri Jun 19 16:04:00 UTC 2026
// 同步 ID: dffc6611 @ Tue Jun 23 05:33:46 UTC 2026
// 重构日志: 4aa77c73
// 重构日志: 66406f81
// 重构日志: def94834
// 重构日志: 91f62c9d
// 重构日志: cb0388d4
// 同步 ID: 2896a2bd @ Fri Jun 26 01:55:35 UTC 2026
// 重构日志: e49d70c9
// 同步 ID: 30c63578 @ Sat Jun 27 12:27:53 UTC 2026
// 重构日志: 551ec3e6
// 同步 ID: 5f58c2c2 @ Mon Jun 29 05:34:41 UTC 2026
// 重构日志: 38af9427
// 重构日志: c88b97d0
// 重构日志: 978e90fb
// 重构日志: 27852b1b
// 同步 ID: 69047cc2 @ Thu Jul  2 16:24:11 UTC 2026
// 重构日志: 3bb62e91
// 重构日志: 0e7711ea
// 同步 ID: eee0df69 @ Fri Jul  3 15:57:36 UTC 2026
// 重构日志: 69f88362
// 重构日志: 5405527f
// 重构日志: 38ff1715
// 重构日志: 3016633b
// 同步 ID: 3db2f6d0 @ Mon Jul  6 10:00:26 UTC 2026
// 重构日志: 9f671b37
// 重构日志: cbbf66e6
// 重构日志: 40e43d5d
// 重构日志: 241c770c
// 同步 ID: 35a31757 @ Thu Jul  9 12:32:32 UTC 2026
// 重构日志: aa030cb2
